<?xml version="1.0" encoding="UTF-8"?>
<testng-results ignored="0" total="1" passed="1" failed="0" skipped="0">
  <reporter-output>
  </reporter-output>
  <suite started-at="2021-04-22T01:23:18 IST" name="Default suite" finished-at="2021-04-22T01:23:38 IST" duration-ms="19441">
    <groups>
    </groups>
    <test started-at="2021-04-22T01:23:18 IST" name="Default test" finished-at="2021-04-22T01:23:38 IST" duration-ms="19441">
      <class name="LambaTest">
        <test-method signature="amazon_lg()[pri:0, instance:LambaTest@69e1dd28]" started-at="2021-04-22T01:23:18 IST" name="amazon_lg" finished-at="2021-04-22T01:23:38 IST" duration-ms="19381" status="PASS">
          <reporter-output>
          </reporter-output>
        </test-method> <!-- amazon_lg -->
      </class> <!-- LambaTest -->
    </test> <!-- Default test -->
  </suite> <!-- Default suite -->
</testng-results>
